# JRE version: 7.0_11-b21
# Java VM: Java HotSpot(TM) 64-Bit Server VM (23.6-b04 mixed mode windows-amd64 compressed oops)
Heap
 PSYoungGen      total 81664K, used 43464K [0x00000000fa000000, 0x0000000100000000, 0x0000000100000000)
  eden space 70528K, 45% used [0x00000000fa000000,0x00000000fbf97940,0x00000000fe4e0000)
  from space 11136K, 99% used [0x00000000fe4e0000,0x00000000fefba750,0x00000000fefc0000)
  to   space 14848K, 0% used [0x00000000ff180000,0x00000000ff180000,0x0000000100000000)
 ParOldGen       total 108096K, used 60722K [0x00000000e8000000, 0x00000000ee990000, 0x00000000fa000000)
  object space 108096K, 56% used [0x00000000e8000000,0x00000000ebb4caf8,0x00000000ee990000)
 PSPermGen       total 114880K, used 64622K [0x00000000e0000000, 0x00000000e7030000, 0x00000000e8000000)
  object space 114880K, 56% used [0x00000000e0000000,0x00000000e3f1b830,0x00000000e7030000)
GC Heap History (10 events):
Event: 53.352 GC heap before
{Heap before GC invocations=39 (full 2):
 PSYoungGen      total 83200K, used 70016K [0x00000000fa000000, 0x0000000100000000, 0x0000000100000000)
  eden space 70016K, 100% used [0x00000000fa000000,0x00000000fe460000,0x00000000fe460000)
  from space 13184K, 0% used [0x00000000ff110000,0x00000000ff110000,0x00000000ffdf0000)
  to   space 12992K, 0% used [0x00000000fe460000,0x00000000fe460000,0x00000000ff110000)
 ParOldGen       total 108096K, used 60722K [0x00000000e8000000, 0x00000000ee990000, 0x00000000fa000000)
  object space 108096K, 56% used [0x00000000e8000000,0x00000000ebb4caf8,0x00000000ee990000)
 PSPermGen       total 114880K, used 62150K [0x00000000e0000000, 0x00000000e7030000, 0x00000000e8000000)
  object space 114880K, 54% used [0x00000000e0000000,0x00000000e3cb19c0,0x00000000e7030000)
Event: 53.358 GC heap after
Heap after GC invocations=39 (full 2):
 PSYoungGen      total 83008K, used 7224K [0x00000000fa000000, 0x00000000fffb0000, 0x0000000100000000)
  eden space 70016K, 0% used [0x00000000fa000000,0x00000000fa000000,0x00000000fe460000)
  from space 12992K, 55% used [0x00000000fe460000,0x00000000feb6e038,0x00000000ff110000)
  to   space 12928K, 0% used [0x00000000ff310000,0x00000000ff310000,0x00000000fffb0000)
 ParOldGen       total 108096K, used 60722K [0x00000000e8000000, 0x00000000ee990000, 0x00000000fa000000)
  object space 108096K, 56% used [0x00000000e8000000,0x00000000ebb4caf8,0x00000000ee990000)
 PSPermGen       total 114880K, used 62150K [0x00000000e0000000, 0x00000000e7030000, 0x00000000e8000000)
  object space 114880K, 54% used [0x00000000e0000000,0x00000000e3cb19c0,0x00000000e7030000)
}
Event: 53.968 GC heap before
{Heap before GC invocations=40 (full 2):
 PSYoungGen      total 83008K, used 77240K [0x00000000fa000000, 0x00000000fffb0000, 0x0000000100000000)
  eden space 70016K, 100% used [0x00000000fa000000,0x00000000fe460000,0x00000000fe460000)
  from space 12992K, 55% used [0x00000000fe460000,0x00000000feb6e038,0x00000000ff110000)
  to   space 12928K, 0% used [0x00000000ff310000,0x00000000ff310000,0x00000000fffb0000)
 ParOldGen       total 108096K, used 60722K [0x00000000e8000000, 0x00000000ee990000, 0x00000000fa000000)
  object space 108096K, 56% used [0x00000000e8000000,0x00000000ebb4caf8,0x00000000ee990000)
 PSPermGen       total 114880K, used 63940K [0x00000000e0000000, 0x00000000e7030000, 0x00000000e8000000)
  object space 114880K, 55% used [0x00000000e0000000,0x00000000e3e71398,0x00000000e7030000)
Event: 53.976 GC heap after
Heap after GC invocations=40 (full 2):
 PSYoungGen      total 84864K, used 7940K [0x00000000fa000000, 0x0000000100000000, 0x0000000100000000)
  eden space 71936K, 0% used [0x00000000fa000000,0x00000000fa000000,0x00000000fe640000)
  from space 12928K, 61% used [0x00000000ff310000,0x00000000ffad1088,0x00000000fffb0000)
  to   space 13120K, 0% used [0x00000000fe640000,0x00000000fe640000,0x00000000ff310000)
 ParOldGen       total 108096K, used 60722K [0x00000000e8000000, 0x00000000ee990000, 0x00000000fa000000)
  object space 108096K, 56% used [0x00000000e8000000,0x00000000ebb4caf8,0x00000000ee990000)
 PSPermGen       total 114880K, used 63940K [0x00000000e0000000, 0x00000000e7030000, 0x00000000e8000000)
  object space 114880K, 55% used [0x00000000e0000000,0x00000000e3e71398,0x00000000e7030000)
}
Event: 108.293 GC heap before
{Heap before GC invocations=41 (full 2):
 PSYoungGen      total 84864K, used 79876K [0x00000000fa000000, 0x0000000100000000, 0x0000000100000000)
  eden space 71936K, 100% used [0x00000000fa000000,0x00000000fe640000,0x00000000fe640000)
  from space 12928K, 61% used [0x00000000ff310000,0x00000000ffad1088,0x00000000fffb0000)
  to   space 13120K, 0% used [0x00000000fe640000,0x00000000fe640000,0x00000000ff310000)
 ParOldGen       total 108096K, used 60722K [0x00000000e8000000, 0x00000000ee990000, 0x00000000fa000000)
  object space 108096K, 56% used [0x00000000e8000000,0x00000000ebb4caf8,0x00000000ee990000)
 PSPermGen       total 114880K, used 64068K [0x00000000e0000000, 0x00000000e7030000, 0x00000000e8000000)
  object space 114880K, 55% used [0x00000000e0000000,0x00000000e3e913c0,0x00000000e7030000)
Event: 108.316 GC heap after
Heap after GC invocations=41 (full 2):
 PSYoungGen      total 81920K, used 9976K [0x00000000fa000000, 0x0000000100000000, 0x0000000100000000)
  eden space 71936K, 0% used [0x00000000fa000000,0x00000000fa000000,0x00000000fe640000)
  from space 9984K, 99% used [0x00000000fe640000,0x00000000feffe030,0x00000000ff000000)
  to   space 13952K, 0% used [0x00000000ff260000,0x00000000ff260000,0x0000000100000000)
 ParOldGen       total 108096K, used 60722K [0x00000000e8000000, 0x00000000ee990000, 0x00000000fa000000)
  object space 108096K, 56% used [0x00000000e8000000,0x00000000ebb4caf8,0x00000000ee990000)
 PSPermGen       total 114880K, used 64068K [0x00000000e0000000, 0x00000000e7030000, 0x00000000e8000000)
  object space 114880K, 55% used [0x00000000e0000000,0x00000000e3e913c0,0x00000000e7030000)
}
Event: 203.809 GC heap before
{Heap before GC invocations=42 (full 2):
 PSYoungGen      total 81920K, used 81912K [0x00000000fa000000, 0x0000000100000000, 0x0000000100000000)
  eden space 71936K, 100% used [0x00000000fa000000,0x00000000fe640000,0x00000000fe640000)
  from space 9984K, 99% used [0x00000000fe640000,0x00000000feffe030,0x00000000ff000000)
  to   space 13952K, 0% used [0x00000000ff260000,0x00000000ff260000,0x0000000100000000)
 ParOldGen       total 108096K, used 60722K [0x00000000e8000000, 0x00000000ee990000, 0x00000000fa000000)
  object space 108096K, 56% used [0x00000000e8000000,0x00000000ebb4caf8,0x00000000ee990000)
 PSPermGen       total 114880K, used 64227K [0x00000000e0000000, 0x00000000e7030000, 0x00000000e8000000)
  object space 114880K, 55% used [0x00000000e0000000,0x00000000e3eb8c10,0x00000000e7030000)
Event: 203.824 GC heap after
Heap after GC invocations=42 (full 2):
 PSYoungGen      total 84480K, used 7998K [0x00000000fa000000, 0x0000000100000000, 0x0000000100000000)
  eden space 70528K, 0% used [0x00000000fa000000,0x00000000fa000000,0x00000000fe4e0000)
  from space 13952K, 57% used [0x00000000ff260000,0x00000000ffa2fac0,0x0000000100000000)
  to   space 13824K, 0% used [0x00000000fe4e0000,0x00000000fe4e0000,0x00000000ff260000)
 ParOldGen       total 108096K, used 60722K [0x00000000e8000000, 0x00000000ee990000, 0x00000000fa000000)
  object space 108096K, 56% used [0x00000000e8000000,0x00000000ebb4caf8,0x00000000ee990000)
 PSPermGen       total 114880K, used 64227K [0x00000000e0000000, 0x00000000e7030000, 0x00000000e8000000)
  object space 114880K, 55% used [0x00000000e0000000,0x00000000e3eb8c10,0x00000000e7030000)
}
Event: 230.860 GC heap before
{Heap before GC invocations=43 (full 2):
 PSYoungGen      total 84480K, used 78526K [0x00000000fa000000, 0x0000000100000000, 0x0000000100000000)
  eden space 70528K, 100% used [0x00000000fa000000,0x00000000fe4e0000,0x00000000fe4e0000)
  from space 13952K, 57% used [0x00000000ff260000,0x00000000ffa2fac0,0x0000000100000000)
  to   space 13824K, 0% used [0x00000000fe4e0000,0x00000000fe4e0000,0x00000000ff260000)
 ParOldGen       total 108096K, used 60722K [0x00000000e8000000, 0x00000000ee990000, 0x00000000fa000000)
  object space 108096K, 56% used [0x00000000e8000000,0x00000000ebb4caf8,0x00000000ee990000)
 PSPermGen       total 114880K, used 64593K [0x00000000e0000000, 0x00000000e7030000, 0x00000000e8000000)
  object space 114880K, 56% used [0x00000000e0000000,0x00000000e3f146c0,0x00000000e7030000)
Event: 230.886 GC heap after
Heap after GC invocations=43 (full 2):
 PSYoungGen      total 81664K, used 11113K [0x00000000fa000000, 0x0000000100000000, 0x0000000100000000)
  eden space 70528K, 0% used [0x00000000fa000000,0x00000000fa000000,0x00000000fe4e0000)
  from space 11136K, 99% used [0x00000000fe4e0000,0x00000000fefba750,0x00000000fefc0000)
  to   space 14848K, 0% used [0x00000000ff180000,0x00000000ff180000,0x0000000100000000)
 ParOldGen       total 108096K, used 60722K [0x00000000e8000000, 0x00000000ee990000, 0x00000000fa000000)
  object space 108096K, 56% used [0x00000000e8000000,0x00000000ebb4caf8,0x00000000ee990000)
 PSPermGen       total 114880K, used 64593K [0x00000000e0000000, 0x00000000e7030000, 0x00000000e8000000)
  object space 114880K, 56% used [0x00000000e0000000,0x00000000e3f146c0,0x00000000e7030000)
}

