# JRE version: 7.0_11-b21
# Java VM: Java HotSpot(TM) 64-Bit Server VM (23.6-b04 mixed mode windows-amd64 compressed oops)
Heap
 PSYoungGen      total 52224K, used 36145K [0x00000000fa000000, 0x00000000fe450000, 0x0000000100000000)
  eden space 38016K, 61% used [0x00000000fa000000,0x00000000fb6f4ff8,0x00000000fc520000)
  from space 14208K, 88% used [0x00000000fc520000,0x00000000fd177728,0x00000000fd300000)
  to   space 15360K, 0% used [0x00000000fd550000,0x00000000fd550000,0x00000000fe450000)
 ParOldGen       total 294912K, used 109024K [0x00000000e8000000, 0x00000000fa000000, 0x00000000fa000000)
  object space 294912K, 36% used [0x00000000e8000000,0x00000000eea780a0,0x00000000fa000000)
 PSPermGen       total 100544K, used 68365K [0x00000000e0000000, 0x00000000e6230000, 0x00000000e8000000)
  object space 100544K, 67% used [0x00000000e0000000,0x00000000e42c3690,0x00000000e6230000)
GC Heap History (10 events):
Event: 94125.741 GC heap before
{Heap before GC invocations=396 (full 7):
 PSYoungGen      total 47296K, used 44087K [0x00000000fa000000, 0x00000000fdbd0000, 0x0000000100000000)
  eden space 34432K, 100% used [0x00000000fa000000,0x00000000fc1a0000,0x00000000fc1a0000)
  from space 12864K, 75% used [0x00000000fceb0000,0x00000000fd81dcc8,0x00000000fdb40000)
  to   space 13376K, 0% used [0x00000000fc1a0000,0x00000000fc1a0000,0x00000000fceb0000)
 ParOldGen       total 294912K, used 109016K [0x00000000e8000000, 0x00000000fa000000, 0x00000000fa000000)
  object space 294912K, 36% used [0x00000000e8000000,0x00000000eea760a0,0x00000000fa000000)
 PSPermGen       total 100544K, used 68140K [0x00000000e0000000, 0x00000000e6230000, 0x00000000e8000000)
  object space 100544K, 67% used [0x00000000e0000000,0x00000000e428b1b8,0x00000000e6230000)
Event: 94125.756 GC heap after
Heap after GC invocations=396 (full 7):
 PSYoungGen      total 47808K, used 9420K [0x00000000fa000000, 0x00000000fded0000, 0x0000000100000000)
  eden space 34432K, 0% used [0x00000000fa000000,0x00000000fa000000,0x00000000fc1a0000)
  from space 13376K, 70% used [0x00000000fc1a0000,0x00000000fcad3318,0x00000000fceb0000)
  to   space 13696K, 0% used [0x00000000fd170000,0x00000000fd170000,0x00000000fded0000)
 ParOldGen       total 294912K, used 109016K [0x00000000e8000000, 0x00000000fa000000, 0x00000000fa000000)
  object space 294912K, 36% used [0x00000000e8000000,0x00000000eea760a0,0x00000000fa000000)
 PSPermGen       total 100544K, used 68140K [0x00000000e0000000, 0x00000000e6230000, 0x00000000e8000000)
  object space 100544K, 67% used [0x00000000e0000000,0x00000000e428b1b8,0x00000000e6230000)
}
Event: 94151.170 GC heap before
{Heap before GC invocations=397 (full 7):
 PSYoungGen      total 47808K, used 43852K [0x00000000fa000000, 0x00000000fded0000, 0x0000000100000000)
  eden space 34432K, 100% used [0x00000000fa000000,0x00000000fc1a0000,0x00000000fc1a0000)
  from space 13376K, 70% used [0x00000000fc1a0000,0x00000000fcad3318,0x00000000fceb0000)
  to   space 13696K, 0% used [0x00000000fd170000,0x00000000fd170000,0x00000000fded0000)
 ParOldGen       total 294912K, used 109016K [0x00000000e8000000, 0x00000000fa000000, 0x00000000fa000000)
  object space 294912K, 36% used [0x00000000e8000000,0x00000000eea760a0,0x00000000fa000000)
 PSPermGen       total 100544K, used 68316K [0x00000000e0000000, 0x00000000e6230000, 0x00000000e8000000)
  object space 100544K, 67% used [0x00000000e0000000,0x00000000e42b71d0,0x00000000e6230000)
Event: 94151.188 GC heap after
Heap after GC invocations=397 (full 7):
 PSYoungGen      total 50240K, used 9889K [0x00000000fa000000, 0x00000000fdf30000, 0x0000000100000000)
  eden space 36544K, 0% used [0x00000000fa000000,0x00000000fa000000,0x00000000fc3b0000)
  from space 13696K, 72% used [0x00000000fd170000,0x00000000fdb18620,0x00000000fded0000)
  to   space 14080K, 0% used [0x00000000fc3b0000,0x00000000fc3b0000,0x00000000fd170000)
 ParOldGen       total 294912K, used 109016K [0x00000000e8000000, 0x00000000fa000000, 0x00000000fa000000)
  object space 294912K, 36% used [0x00000000e8000000,0x00000000eea760a0,0x00000000fa000000)
 PSPermGen       total 100544K, used 68316K [0x00000000e0000000, 0x00000000e6230000, 0x00000000e8000000)
  object space 100544K, 67% used [0x00000000e0000000,0x00000000e42b71d0,0x00000000e6230000)
}
Event: 94280.164 GC heap before
{Heap before GC invocations=398 (full 7):
 PSYoungGen      total 50240K, used 46433K [0x00000000fa000000, 0x00000000fdf30000, 0x0000000100000000)
  eden space 36544K, 100% used [0x00000000fa000000,0x00000000fc3b0000,0x00000000fc3b0000)
  from space 13696K, 72% used [0x00000000fd170000,0x00000000fdb18620,0x00000000fded0000)
  to   space 14080K, 0% used [0x00000000fc3b0000,0x00000000fc3b0000,0x00000000fd170000)
 ParOldGen       total 294912K, used 109016K [0x00000000e8000000, 0x00000000fa000000, 0x00000000fa000000)
  object space 294912K, 36% used [0x00000000e8000000,0x00000000eea760a0,0x00000000fa000000)
 PSPermGen       total 100544K, used 68329K [0x00000000e0000000, 0x00000000e6230000, 0x00000000e8000000)
  object space 100544K, 67% used [0x00000000e0000000,0x00000000e42ba468,0x00000000e6230000)
Event: 94280.178 GC heap after
Heap after GC invocations=398 (full 7):
 PSYoungGen      total 50624K, used 9280K [0x00000000fa000000, 0x00000000fe120000, 0x0000000100000000)
  eden space 36544K, 0% used [0x00000000fa000000,0x00000000fa000000,0x00000000fc3b0000)
  from space 14080K, 65% used [0x00000000fc3b0000,0x00000000fccc0240,0x00000000fd170000)
  to   space 14144K, 0% used [0x00000000fd350000,0x00000000fd350000,0x00000000fe120000)
 ParOldGen       total 294912K, used 109024K [0x00000000e8000000, 0x00000000fa000000, 0x00000000fa000000)
  object space 294912K, 36% used [0x00000000e8000000,0x00000000eea780a0,0x00000000fa000000)
 PSPermGen       total 100544K, used 68329K [0x00000000e0000000, 0x00000000e6230000, 0x00000000e8000000)
  object space 100544K, 67% used [0x00000000e0000000,0x00000000e42ba468,0x00000000e6230000)
}
Event: 94342.376 GC heap before
{Heap before GC invocations=399 (full 7):
 PSYoungGen      total 50624K, used 45824K [0x00000000fa000000, 0x00000000fe120000, 0x0000000100000000)
  eden space 36544K, 100% used [0x00000000fa000000,0x00000000fc3b0000,0x00000000fc3b0000)
  from space 14080K, 65% used [0x00000000fc3b0000,0x00000000fccc0240,0x00000000fd170000)
  to   space 14144K, 0% used [0x00000000fd350000,0x00000000fd350000,0x00000000fe120000)
 ParOldGen       total 294912K, used 109024K [0x00000000e8000000, 0x00000000fa000000, 0x00000000fa000000)
  object space 294912K, 36% used [0x00000000e8000000,0x00000000eea780a0,0x00000000fa000000)
 PSPermGen       total 100544K, used 68341K [0x00000000e0000000, 0x00000000e6230000, 0x00000000e8000000)
  object space 100544K, 67% used [0x00000000e0000000,0x00000000e42bd4a0,0x00000000e6230000)
Event: 94342.385 GC heap after
Heap after GC invocations=399 (full 7):
 PSYoungGen      total 51904K, used 9530K [0x00000000fa000000, 0x00000000fe0e0000, 0x0000000100000000)
  eden space 38016K, 0% used [0x00000000fa000000,0x00000000fa000000,0x00000000fc520000)
  from space 13888K, 68% used [0x00000000fd350000,0x00000000fdc9ea58,0x00000000fe0e0000)
  to   space 14208K, 0% used [0x00000000fc520000,0x00000000fc520000,0x00000000fd300000)
 ParOldGen       total 294912K, used 109024K [0x00000000e8000000, 0x00000000fa000000, 0x00000000fa000000)
  object space 294912K, 36% used [0x00000000e8000000,0x00000000eea780a0,0x00000000fa000000)
 PSPermGen       total 100544K, used 68341K [0x00000000e0000000, 0x00000000e6230000, 0x00000000e8000000)
  object space 100544K, 67% used [0x00000000e0000000,0x00000000e42bd4a0,0x00000000e6230000)
}
Event: 94412.159 GC heap before
{Heap before GC invocations=400 (full 7):
 PSYoungGen      total 51904K, used 47546K [0x00000000fa000000, 0x00000000fe0e0000, 0x0000000100000000)
  eden space 38016K, 100% used [0x00000000fa000000,0x00000000fc520000,0x00000000fc520000)
  from space 13888K, 68% used [0x00000000fd350000,0x00000000fdc9ea58,0x00000000fe0e0000)
  to   space 14208K, 0% used [0x00000000fc520000,0x00000000fc520000,0x00000000fd300000)
 ParOldGen       total 294912K, used 109024K [0x00000000e8000000, 0x00000000fa000000, 0x00000000fa000000)
  object space 294912K, 36% used [0x00000000e8000000,0x00000000eea780a0,0x00000000fa000000)
 PSPermGen       total 100544K, used 68354K [0x00000000e0000000, 0x00000000e6230000, 0x00000000e8000000)
  object space 100544K, 67% used [0x00000000e0000000,0x00000000e42c0b88,0x00000000e6230000)
Event: 94412.178 GC heap after
Heap after GC invocations=400 (full 7):
 PSYoungGen      total 52224K, used 12637K [0x00000000fa000000, 0x00000000fe450000, 0x0000000100000000)
  eden space 38016K, 0% used [0x00000000fa000000,0x00000000fa000000,0x00000000fc520000)
  from space 14208K, 88% used [0x00000000fc520000,0x00000000fd177728,0x00000000fd300000)
  to   space 15360K, 0% used [0x00000000fd550000,0x00000000fd550000,0x00000000fe450000)
 ParOldGen       total 294912K, used 109024K [0x00000000e8000000, 0x00000000fa000000, 0x00000000fa000000)
  object space 294912K, 36% used [0x00000000e8000000,0x00000000eea780a0,0x00000000fa000000)
 PSPermGen       total 100544K, used 68354K [0x00000000e0000000, 0x00000000e6230000, 0x00000000e8000000)
  object space 100544K, 67% used [0x00000000e0000000,0x00000000e42c0b88,0x00000000e6230000)
}

